[debug] [2019-08-21T15:13:46.693Z] ----------------------------------------------------------------------
[debug] [2019-08-21T15:13:46.695Z] Command:       /Users/Carlos/.nvm/versions/node/v12.6.0/bin/node /Users/Carlos/.nvm/versions/node/v12.6.0/bin/firebase deploy
[debug] [2019-08-21T15:13:46.695Z] CLI Version:   7.2.2
[debug] [2019-08-21T15:13:46.695Z] Platform:      darwin
[debug] [2019-08-21T15:13:46.695Z] Node Version:  v12.6.0
[debug] [2019-08-21T15:13:46.701Z] Time:          Wed Aug 21 2019 17:13:46 GMT+0200 (GMT+02:00)
[debug] [2019-08-21T15:13:46.701Z] ----------------------------------------------------------------------
[debug] 
[debug] [2019-08-21T15:13:46.710Z] > command requires scopes: ["email","openid","https://www.googleapis.com/auth/cloudplatformprojects.readonly","https://www.googleapis.com/auth/firebase","https://www.googleapis.com/auth/cloud-platform"]
[debug] [2019-08-21T15:13:46.711Z] > authorizing via signed-in user
[debug] [2019-08-21T15:13:46.711Z] [iam] checking project dogjoy-e8a5d for permissions ["firebase.projects.get","firebasehosting.sites.update"]
[debug] [2019-08-21T15:13:46.712Z] > refreshing access token with scopes: ["email","https://www.googleapis.com/auth/cloud-platform","https://www.googleapis.com/auth/cloudplatformprojects.readonly","https://www.googleapis.com/auth/firebase","openid"]
[debug] [2019-08-21T15:13:46.713Z] >>> HTTP REQUEST POST https://www.googleapis.com/oauth2/v3/token  
 <request body omitted>
[debug] [2019-08-21T15:13:46.891Z] <<< HTTP RESPONSE 200
[debug] [2019-08-21T15:13:46.921Z] >>> HTTP REQUEST POST https://cloudresourcemanager.googleapis.com/v1/projects/dogjoy-e8a5d:testIamPermissions  

[debug] [2019-08-21T15:13:47.879Z] <<< HTTP RESPONSE 200
[debug] [2019-08-21T15:13:47.882Z] >>> HTTP REQUEST GET https://firebase.googleapis.com/v1beta1/projects/dogjoy-e8a5d  
 
[debug] [2019-08-21T15:13:48.136Z] <<< HTTP RESPONSE 200
[info] 
[info] === Deploying to 'dogjoy-e8a5d'...
[info] 
[info] i  deploying hosting
[debug] [2019-08-21T15:13:48.143Z] >>> HTTP REQUEST POST https://firebasehosting.googleapis.com/v1beta1/sites/dogjoy-e8a5d/versions  

[debug] [2019-08-21T15:13:49.208Z] <<< HTTP RESPONSE 500
[debug] [2019-08-21T15:13:49.208Z] <<< HTTP RESPONSE BODY
[error] 
[error] Error: HTTP Error: 500, Internal error encountered.
[debug] [2019-08-21T15:13:49.210Z] Error Context: {
  "body": {
    "error": {
      "code": 500,
      "message": "Internal error encountered.",
      "status": "INTERNAL"
    }
  },
  "response": {
    "statusCode": 500,
    "body": {
      "error": {
        "code": 500,
        "message": "Internal error encountered.",
        "status": "INTERNAL"
      }
    },
    "headers": {
      "vary": "X-Origin, Referer, Origin,Accept-Encoding",
      "content-type": "application/json; charset=UTF-8",
      "date": "Wed, 21 Aug 2019 15:13:49 GMT",
      "server": "ESF",
      "cache-control": "private",
      "x-xss-protection": "0",
      "x-frame-options": "SAMEORIGIN",
      "x-content-type-options": "nosniff",
      "alt-svc": "quic=\":443\"; ma=2592000; v=\"46,43,39\"",
      "accept-ranges": "none",
      "transfer-encoding": "chunked"
    },
    "request": {
      "uri": {
        "protocol": "https:",
        "slashes": true,
        "auth": null,
        "host": "firebasehosting.googleapis.com",
        "port": 443,
        "hostname": "firebasehosting.googleapis.com",
        "hash": null,
        "search": null,
        "query": null,
        "pathname": "/v1beta1/sites/dogjoy-e8a5d/versions",
        "path": "/v1beta1/sites/dogjoy-e8a5d/versions",
        "href": "https://firebasehosting.googleapis.com/v1beta1/sites/dogjoy-e8a5d/versions"
      },
      "method": "POST"
    }
  }
}
